#
# There is insufficient memory for the Java Runtime Environment to continue.
# Native memory allocation (malloc) failed to allocate 1048576 bytes for AllocateHeap
# Possible reasons:
#   The system is out of physical RAM or swap space
#   The process is running with CompressedOops enabled, and the Java Heap may be blocking the growth of the native heap
# Possible solutions:
#   Reduce memory load on the system
#   Increase physical memory or swap space
#   Check if swap backing store is full
#   Decrease Java heap size (-Xmx/-Xms)
#   Decrease number of Java threads
#   Decrease Java thread stack sizes (-Xss)
#   Set larger code cache with -XX:ReservedCodeCacheSize=
# This output file may be truncated or incomplete.
#
#  Out of Memory Error (./src/hotspot/share/memory/allocation.cpp:46), pid=7696, tid=14252
#
# JRE version:  (11.0.12+7) (build )
# Java VM: OpenJDK 64-Bit Server VM (11.0.12+7-b1504.28-7817840, mixed mode, sharing, tiered, compressed oops, g1 gc, windows-amd64)
# No core dump will be written. Minidumps are not enabled by default on client versions of Windows
#

---------------  S U M M A R Y ------------

Command Line: git4idea.http.GitAskPassApp Username for 'https://github.com': 

Host: Intel(R) Core(TM) i7-9750H CPU @ 2.60GHz, 12 cores, 15G,  Windows 10 , 64 bit Build 19041 (10.0.19041.804)
Time: Sun Feb 18 22:14:09 2024 대한민국 표준시 elapsed time: 0.039337 seconds (0d 0h 0m 0s)

---------------  T H R E A D  ---------------

Current thread (0x000002eb193cc000):  JavaThread "Unknown thread" [_thread_in_vm, id=14252, stack(0x000000f3f0300000,0x000000f3f0400000)]

Stack: [0x000000f3f0300000,0x000000f3f0400000]
Native frames: (J=compiled Java code, j=interpreted, Vv=VM code, C=native code)
V  [jvm.dll+0x5fbcea]
V  [jvm.dll+0x731905]
V  [jvm.dll+0x732f1d]
V  [jvm.dll+0x7335d3]
V  [jvm.dll+0x247bf8]
V  [jvm.dll+0xb7684]
V  [jvm.dll+0x2e8677]
V  [jvm.dll+0x2e17ea]
V  [jvm.dll+0x710037]
V  [jvm.dll+0x71182c]
V  [jvm.dll+0x360da9]
V  [jvm.dll+0x6f390e]
V  [jvm.dll+0x3c9723]
V  [jvm.dll+0x3cb9b1]
C  [jli.dll+0x536b]
C  [ucrtbase.dll+0x21bb2]
C  [KERNEL32.DLL+0x17034]
C  [ntdll.dll+0x52651]


---------------  P R O C E S S  ---------------

Threads class SMR info:
_java_thread_list=0x000002eb17251dd0, length=0, elements={
}

Java Threads: ( => current thread )

Other Threads:
  0x000002eb193e2800 GCTaskThread "GC Thread#0" [stack: 0x000000f3f0400000,0x000000f3f0500000] [id=13692]

[error occurred during error reporting (printing all threads), id 0xc0000005, EXCEPTION_ACCESS_VIOLATION (0xc0000005) at pc=0x00007ff9a281d9b0]

VM state:not at safepoint (not fully initialized)

VM Mutex/Monitor currently owned by a thread:  ([mutex/lock_event])
[0x000002eb193c8580] Heap_lock - owner thread: 0x000002eb193cc000

Heap address: 0x0000000701000000, size: 4080 MB, Compressed Oops mode: Non-zero based: 0x0000000701000000
Narrow klass base: 0x0000000000000000, Narrow klass shift: 0

GC Heap History (0 events):
No events

Deoptimization events (0 events):
No events

Classes redefined (0 events):
No events

Internal exceptions (0 events):
No events

Events (1 events):
Event: 0.031 Loaded shared library C:\Program Files\Android\Android Studio\jre\bin\zip.dll


Dynamic libraries:
0x00007ff7b2b50000 - 0x00007ff7b2b5a000 	C:\Program Files\Android\Android Studio\jre\bin\java.exe
0x00007ff9ee8b0000 - 0x00007ff9eeaa5000 	C:\WINDOWS\SYSTEM32\ntdll.dll
0x00007ff9ed060000 - 0x00007ff9ed11d000 	C:\WINDOWS\System32\KERNEL32.DLL
0x00007ff9ec4b0000 - 0x00007ff9ec779000 	C:\WINDOWS\System32\KERNELBASE.dll
0x00007ff9ec250000 - 0x00007ff9ec350000 	C:\WINDOWS\System32\ucrtbase.dll
0x00007ff9ca4b0000 - 0x00007ff9ca4c9000 	C:\Program Files\Android\Android Studio\jre\bin\jli.dll
0x00007ff9be600000 - 0x00007ff9be617000 	C:\Program Files\Android\Android Studio\jre\bin\VCRUNTIME140.dll
0x00007ff9ed2d0000 - 0x00007ff9ed470000 	C:\WINDOWS\System32\USER32.dll
0x00007ff9ec8e0000 - 0x00007ff9ec902000 	C:\WINDOWS\System32\win32u.dll
0x00007ff9ed970000 - 0x00007ff9ed99a000 	C:\WINDOWS\System32\GDI32.dll
0x00007ff9ebff0000 - 0x00007ff9ec0fb000 	C:\WINDOWS\System32\gdi32full.dll
0x00007ff9ec1b0000 - 0x00007ff9ec24d000 	C:\WINDOWS\System32\msvcp_win.dll
0x00007ff9d6300000 - 0x00007ff9d659a000 	C:\WINDOWS\WinSxS\amd64_microsoft.windows.common-controls_6595b64144ccf1df_6.0.19041.844_none_ca00b6081b84eb1d\COMCTL32.dll
0x00007ff9ed230000 - 0x00007ff9ed2ce000 	C:\WINDOWS\System32\msvcrt.dll
0x00007ff9ed200000 - 0x00007ff9ed230000 	C:\WINDOWS\System32\IMM32.DLL
0x00007ff9b6500000 - 0x00007ff9b659d000 	C:\Program Files\Android\Android Studio\jre\bin\msvcp140.dll
0x00007ff9a2530000 - 0x00007ff9a3015000 	C:\Program Files\Android\Android Studio\jre\bin\server\jvm.dll
0x00007ff9ee7c0000 - 0x00007ff9ee86c000 	C:\WINDOWS\System32\ADVAPI32.dll
0x00007ff9eddf0000 - 0x00007ff9ede8c000 	C:\WINDOWS\System32\sechost.dll
0x00007ff9edc40000 - 0x00007ff9edd6b000 	C:\WINDOWS\System32\RPCRT4.dll
0x00007ff9ee2d0000 - 0x00007ff9ee2d8000 	C:\WINDOWS\System32\PSAPI.DLL
0x00007ff9e2fe0000 - 0x00007ff9e2fea000 	C:\WINDOWS\SYSTEM32\VERSION.dll
0x00007ff9cf4e0000 - 0x00007ff9cf4e9000 	C:\WINDOWS\SYSTEM32\WSOCK32.dll
0x00007ff9d9b20000 - 0x00007ff9d9b47000 	C:\WINDOWS\SYSTEM32\WINMM.dll
0x00007ff9edd70000 - 0x00007ff9edddb000 	C:\WINDOWS\System32\WS2_32.dll
0x00007ff9ea8d0000 - 0x00007ff9ea8e2000 	C:\WINDOWS\SYSTEM32\kernel.appcore.dll
0x00007ff9d2620000 - 0x00007ff9d2631000 	C:\Program Files\Android\Android Studio\jre\bin\verify.dll
0x00007ff9e9e60000 - 0x00007ff9ea044000 	C:\WINDOWS\SYSTEM32\DBGHELP.DLL
0x00007ff9d0040000 - 0x00007ff9d006c000 	C:\WINDOWS\SYSTEM32\dbgcore.DLL
0x00007ff9ec860000 - 0x00007ff9ec8e0000 	C:\WINDOWS\System32\bcryptPrimitives.dll
0x00007ff9bddd0000 - 0x00007ff9bddf9000 	C:\Program Files\Android\Android Studio\jre\bin\java.dll
0x00007ff9e6580000 - 0x00007ff9e658b000 	C:\Program Files\Android\Android Studio\jre\bin\jimage.dll
0x00007ff9cc9d0000 - 0x00007ff9cc9e8000 	C:\Program Files\Android\Android Studio\jre\bin\zip.dll

dbghelp: loaded successfully - version: 4.0.5 - missing functions: none
symbol engine: initialized successfully - sym options: 0x614 - pdb path: .;C:\Program Files\Android\Android Studio\jre\bin;C:\WINDOWS\SYSTEM32;C:\WINDOWS\WinSxS\amd64_microsoft.windows.common-controls_6595b64144ccf1df_6.0.19041.844_none_ca00b6081b84eb1d;C:\Program Files\Android\Android Studio\jre\bin\server

VM Arguments:
java_command: git4idea.http.GitAskPassApp Username for 'https://github.com': 
java_class_path (initial): C:/Program Files/Android/Android Studio/plugins/git4idea/lib/git4idea-rt.jar;C:/Program Files/Android/Android Studio/lib/xmlrpc-2.0.1.jar;C:/Program Files/Android/Android Studio/lib/commons-codec-1.15.jar
Launcher Type: SUN_STANDARD

[Global flags]
     intx CICompilerCount                          = 4                                         {product} {ergonomic}
     uint ConcGCThreads                            = 3                                         {product} {ergonomic}
     uint G1ConcRefinementThreads                  = 10                                        {product} {ergonomic}
   size_t G1HeapRegionSize                         = 1048576                                   {product} {ergonomic}
    uintx GCDrainStackTargetSize                   = 64                                        {product} {ergonomic}
   size_t InitialHeapSize                          = 268435456                                 {product} {ergonomic}
   size_t MarkStackSize                            = 4194304                                   {product} {ergonomic}
   size_t MaxHeapSize                              = 4278190080                                {product} {ergonomic}
   size_t MinHeapDeltaBytes                        = 1048576                                   {product} {ergonomic}
    uintx NonNMethodCodeHeapSize                   = 5836300                                {pd product} {ergonomic}
    uintx NonProfiledCodeHeapSize                  = 122910970                              {pd product} {ergonomic}
    uintx ProfiledCodeHeapSize                     = 122910970                              {pd product} {ergonomic}
    uintx ReservedCodeCacheSize                    = 251658240                              {pd product} {ergonomic}
     bool SegmentedCodeCache                       = true                                      {product} {ergonomic}
     bool UseCompressedClassPointers               = true                                 {lp64_product} {ergonomic}
     bool UseCompressedOops                        = true                                 {lp64_product} {ergonomic}
     bool UseG1GC                                  = true                                      {product} {ergonomic}
     bool UseLargePagesIndividualAllocation        = false                                  {pd product} {ergonomic}

Logging:
Log output configuration:
 #0: stdout all=warning uptime,level,tags
 #1: stderr all=off uptime,level,tags

Environment Variables:
JAVA_HOME=C:\Program Files\Java\jdk-18.0.1.1
PATH=C:/Program Files/Git/mingw64/libexec/git-core;C:/Program Files/Git/mingw64/libexec/git-core;C:\Program Files\Git\mingw64\bin;C:\Program Files\Git\usr\bin;C:\Users\이정인\bin;C:\Program Files\Common Files\Oracle\Java\javapath;C:\Program Files (x86)\Common Files\Oracle\Java\javapath;C:\Program Files\Eclipse Foundation\jdk-8.0.302.8-hotspot\bin;C:\Program Files (x86)\Common Files\Intel\Shared Libraries\redist\intel64_win\compiler;C:\Program Files (x86)\Common Files\Intel\Shared Libraries\redist\intel64\compiler;C:\windows\system32;C:\windows;C:\windows\System32\Wbem;C:\windows\System32\WindowsPowerShell\v1.0\;C:\windows\System32\OpenSSH\;C:\Program Files (x86)\NVIDIA Corporation\PhysX\Common;C:\Program Files\NVIDIA Corporation\NVIDIA NvDLISR;C:\Program Files\Intel\WiFi\bin\;C:\Program Files\Common Files\Intel\WirelessCommon\;C:\Program Files\Microsoft SQL Server\130\Tools\Binn\;C:\Program Files\Microsoft SQL Server\Client SDK\ODBC\170\Tools\Binn\;C:\WINDOWS\system32;C:\WINDOWS;C:\WINDOWS\System32\Wbem;C:\WINDOWS\System32\WindowsPowerShell\v1.0\;C:\WINDOWS\System32\OpenSSH\;C:\Program Files\Microsoft SQL Server\120\Tools\Binn\;C:\Program Files\Git\cmd;C:\Program Files\Java\jdk-18.0.1.1\bin;C:\Program Files\dotnet\;C:\Users\이정인\AppData\Local\Programs\Python\Python311\Scripts\;C:\Users\이정인\AppData\Local\Programs\Python\Python311\;C:\Users\이정인\AppData\Local\Programs\Python\Python38\Scripts\;C:\Users\이정인\AppData\Local\Programs\Python\Python38\;C:\ANACONDA;C:\ANACONDA\Library\mingw-w64\bin;C:\ANACONDA\Library\usr\bin;C:\ANACONDA\Library\bin;C:\ANACONDA\Scripts;C:\Users\이정인\AppData\Local\Programs\Python\Python38-32\Scripts\;C:\Users\이정인\AppData\Local\Programs\Python\Python38-32\;C:\Users\이정인\AppData\Local\Microsoft\WindowsApps;C:\Users\이정인\.dotnet\tools;C:\Users\이정인\AppData\Local\Programs\Microsoft VS Code\bin;C:\ProgramData\leejeongin\GitHubDesktop\bin;C:\Program Files (x86)\ESTsoft\ALSee\x64
USERNAME=leejeongin
DISPLAY=:0.0
LC_ALL=en_US.UTF-8
OS=Windows_NT
PROCESSOR_IDENTIFIER=Intel64 Family 6 Model 158 Stepping 10, GenuineIntel



---------------  S Y S T E M  ---------------

OS: Windows 10 , 64 bit Build 19041 (10.0.19041.804)
OS uptime: 0 days 4:47 hours

CPU:total 12 (initial active 12) (6 cores per cpu, 2 threads per core) family 6 model 158 stepping 10 microcode 0xde, cmov, cx8, fxsr, mmx, sse, sse2, sse3, ssse3, sse4.1, sse4.2, popcnt, avx, avx2, aes, clmul, erms, 3dnowpref, lzcnt, ht, tsc, tscinvbit, bmi1, bmi2, adx, fma

Memory: 4k page, system-wide physical 16315M (4395M free)
TotalPageFile size 19250M (AvailPageFile size 5M)
current process WorkingSet (physical memory assigned to process): 10M, peak: 10M
current process commit charge ("private bytes"): 54M, peak: 55M

vm_info: OpenJDK 64-Bit Server VM (11.0.12+7-b1504.28-7817840) for windows-amd64 JRE (11.0.12+7-b1504.28-7817840), built on Oct 13 2021 22:12:33 by "builder" with MS VC++ 14.0 (VS2015)

END.
